Arguments: 
  /usr/bin/node /usr/share/yarn/bin/yarn.js add multiparty @types/multiparty

PATH: 
  /home/sachaw/.deno/bin:/home/sachaw/.vscode-server/bin/7f6ab5485bbc008386c4386d08766667e155244e/bin:/home/sachaw/.deno/bin:/usr/local/sbin:/usr/local/bin:/usr/sbin:/usr/bin:/sbin:/bin:/usr/games:/usr/local/games:/usr/lib/wsl/lib:/mnt/c/Program Files (x86)/NVIDIA Corporation/PhysX/Common:/mnt/c/Program Files/Eclipse Foundation/jdk-16.0.2.7-hotspot/bin:/mnt/c/WINDOWS/system32:/mnt/c/WINDOWS:/mnt/c/WINDOWS/System32/Wbem:/mnt/c/WINDOWS/System32/WindowsPowerShell/v1.0/:/mnt/c/Program Files/dotnet/:/mnt/c/Program Files/Git/cmd:/mnt/c/Program Files (x86)/GnuPG/bin:/mnt/c/Program Files/Docker/Docker/resources/bin:/mnt/c/ProgramData/DockerDesktop/version-bin:/mnt/c/Program Files/clang-format:/mnt/c/Program Files/libfido2/dynamic:/mnt/c/WINDOWS/System32/OpenSSH/:/mnt/c/Program Files/Microsoft SQL Server/120/Tools/Binn/:/mnt/c/Program Files (x86)/Windows Kits/8.1/Windows Performance Toolkit/:/mnt/c/Users/sacha/AppData/Local/Programs/Python/Python39/Scripts/:/mnt/c/Users/sacha/AppData/Local/Programs/Python/Python39/:/mnt/c/Users/sacha/AppData/Local/Microsoft/WindowsApps:/mnt/c/Users/sacha/AppData/Local/Programs/Microsoft VS Code/bin:/home/sachaw/.yarn/bin:/home/sachaw/.yarn/bin

Yarn version: 
  1.22.5

Node version: 
  16.10.0

Platform: 
  linux x64

Trace: 
  Error: ENOENT: no such file or directory, copyfile '/home/sachaw/.cache/yarn/v6/npm-supports-color-8.1.1-cd6fc17e28500cff56c1b86c0a7fd4a54a73005c-integrity/node_modules/supports-color/browser.js' -> '/home/sachaw/scrobble-moe-webhook/node_modules/concurrently/node_modules/supports-color/browser.js'

npm manifest: 
  {
    "name": "scrobble-moe-server",
    "type": "module",
    "license": "GPL-3.0-only",
    "scripts": {
      "build": "tsc",
      "start": "node dist/index.js",
      "dev": "concurrently -k \"tsc -w\" \"nodemon ./dist/index.js\""
    },
    "dependencies": {
      "@tinyhttp/app": "^2.0.5",
      "@tinyhttp/logger": "^1.3.0",
      "@types/async-busboy": "^0.7.1",
      "@types/body-parser": "^1.19.1",
      "@types/express-busboy": "^8.0.0",
      "async-busboy": "^1.1.0",
      "body-parser": "^1.19.0",
      "dotenv": "^10.0.0",
      "express-busboy": "^8.0.0",
      "graphql": "^15.6.0",
      "graphql-request": "^3.5.0",
      "header-range-parser": "^1.0.0",
      "milliparsec": "^2.2.0",
      "typescript": "^4.4.3"
    },
    "devDependencies": {
      "concurrently": "^6.3.0",
      "nodemon": "^2.0.13"
    }
  }

yarn manifest: 
  No manifest

Lockfile: 
  No lockfile
